  TEMA 3 POO.cpp
C:\Users\denih\source\repos\TEMA 3 POO\TEMA 3 POO.cpp(11,24): warning C4305: 'initializing': truncation from 'double' to 'float'
C:\Users\denih\source\repos\TEMA 3 POO\TEMA 3 POO.cpp(30,17): warning C4244: 'initializing': conversion from 'int' to 'float', possible loss of data
C:\Users\denih\source\repos\TEMA 3 POO\TEMA 3 POO.cpp(342,2): warning C4018: '<': signed/unsigned mismatch
C:\Users\denih\source\repos\TEMA 3 POO\TEMA 3 POO.cpp(427,24): warning C4018: '>=': signed/unsigned mismatch
C:\Users\denih\source\repos\TEMA 3 POO\TEMA 3 POO.cpp(423): message : while compiling class template member function 'void Gestiune_redusa<Rhombus>::insert(tip_figura &,int)'
          with
          [
              tip_figura=Rhombus
          ]
C:\Users\denih\source\repos\TEMA 3 POO\TEMA 3 POO.cpp(491): message : see reference to function template instantiation 'void Gestiune_redusa<Rhombus>::insert(tip_figura &,int)' being compiled
          with
          [
              tip_figura=Rhombus
          ]
C:\Users\denih\source\repos\TEMA 3 POO\TEMA 3 POO.cpp(484): message : see reference to class template instantiation 'Gestiune_redusa<Rhombus>' being compiled
C:\Users\denih\source\repos\TEMA 3 POO\TEMA 3 POO.cpp(416,2): warning C4018: '<': signed/unsigned mismatch
C:\Users\denih\source\repos\TEMA 3 POO\TEMA 3 POO.cpp(414): message : while compiling class template member function 'void Gestiune_redusa<Rhombus>::print(void)'
C:\Users\denih\source\repos\TEMA 3 POO\TEMA 3 POO.cpp(486): message : see reference to function template instantiation 'void Gestiune_redusa<Rhombus>::print(void)' being compiled
C:\Users\denih\source\repos\TEMA 3 POO\TEMA 3 POO.cpp(259,2): warning C4018: '<': signed/unsigned mismatch
C:\Users\denih\source\repos\TEMA 3 POO\TEMA 3 POO.cpp(257): message : while compiling class template member function 'void Gestiune<tip_figura>::print(void)'
          with
          [
              tip_figura=Rhombus
          ]
C:\Users\denih\source\repos\TEMA 3 POO\TEMA 3 POO.cpp(394): message : see reference to class template instantiation 'Gestiune<tip_figura>' being compiled
          with
          [
              tip_figura=Rhombus
          ]
  TEMA 3 POO.vcxproj -> C:\Users\denih\source\repos\TEMA 3 POO\Debug\TEMA 3 POO.exe
